{
  "stats": {
    "suites": 1,
    "tests": 2,
    "passes": 2,
    "pending": 0,
    "failures": 0,
    "start": "2025-03-08T11:43:40.366Z",
    "end": "2025-03-08T11:43:56.378Z",
    "duration": 16012,
    "testsRegistered": 2,
    "passPercent": 100,
    "pendingPercent": 0,
    "other": 0,
    "hasOther": false,
    "skipped": 0,
    "hasSkipped": false
  },
  "results": [
    {
      "uuid": "da6f3b73-4589-4e14-9c3d-d1554b413f6c",
      "title": "",
      "fullFile": "cypress\\e2e\\candidatesTests.cy.js",
      "file": "cypress\\e2e\\candidatesTests.cy.js",
      "beforeHooks": [],
      "afterHooks": [],
      "tests": [],
      "suites": [
        {
          "uuid": "ccade7f5-e5c1-4758-a9a2-d4cae36097c9",
          "title": "Recruitment Module",
          "fullFile": "",
          "file": "",
          "beforeHooks": [],
          "afterHooks": [],
          "tests": [
            {
              "title": "Add and Verify New Candidate",
              "fullTitle": "Recruitment Module Add and Verify New Candidate",
              "timedOut": null,
              "duration": 10374,
              "state": "passed",
              "speed": "slow",
              "pass": true,
              "fail": false,
              "pending": false,
              "context": null,
              "code": "_candidatesPage.default.clickAddCandidate();\n_candidatesPage.default.enterCandidateDetails(\"John\", \"Doe\", \"john.doe@domain.com\");\n_candidatesPage.default.clickSaveCandidate();\n_candidatesPage.default.verifyCandidateAdded(\"John Doe\");",
              "err": {},
              "uuid": "d92cdfbf-365d-44dd-9647-06bba842b84f",
              "parentUUID": "ccade7f5-e5c1-4758-a9a2-d4cae36097c9",
              "isHook": false,
              "skipped": false
            },
            {
              "title": "Search Candidate",
              "fullTitle": "Recruitment Module Search Candidate",
              "timedOut": null,
              "duration": 5199,
              "state": "passed",
              "speed": "medium",
              "pass": true,
              "fail": false,
              "pending": false,
              "context": null,
              "code": "_candidatesPage.default.searchCandidate(\"John\");\n_candidatesPage.default.verifyCandidateSearchResults(\"John\");",
              "err": {},
              "uuid": "9c150e6a-50fb-4fca-ae58-4b65786945d4",
              "parentUUID": "ccade7f5-e5c1-4758-a9a2-d4cae36097c9",
              "isHook": false,
              "skipped": false
            }
          ],
          "suites": [],
          "passes": [
            "d92cdfbf-365d-44dd-9647-06bba842b84f",
            "9c150e6a-50fb-4fca-ae58-4b65786945d4"
          ],
          "failures": [],
          "pending": [],
          "skipped": [],
          "duration": 15573,
          "root": false,
          "rootEmpty": false,
          "_timeout": 2000
        }
      ],
      "passes": [],
      "failures": [],
      "pending": [],
      "skipped": [],
      "duration": 0,
      "root": true,
      "rootEmpty": true,
      "_timeout": 2000
    }
  ],
  "meta": {
    "mocha": {
      "version": "7.0.1"
    },
    "mochawesome": {
      "options": {
        "quiet": false,
        "reportFilename": "mochawesome",
        "saveHtml": false,
        "saveJson": true,
        "consoleReporter": "spec",
        "useInlineDiffs": false,
        "code": true
      },
      "version": "7.1.3"
    },
    "marge": {
      "options": {
        "overwrite": false,
        "html": false,
        "json": true,
        "reportDir": "cypress\\reports\\html\\.jsons"
      },
      "version": "6.2.0"
    }
  }
}