{
  "stats": {
    "suites": 1,
    "tests": 2,
    "passes": 2,
    "pending": 0,
    "failures": 0,
    "start": "2025-03-09T00:48:36.827Z",
    "end": "2025-03-09T00:49:21.674Z",
    "duration": 44847,
    "testsRegistered": 2,
    "passPercent": 100,
    "pendingPercent": 0,
    "other": 0,
    "hasOther": false,
    "skipped": 0,
    "hasSkipped": false
  },
  "results": [
    {
      "uuid": "10476979-4e11-432d-aa9c-4b9c917b0590",
      "title": "",
      "fullFile": "cypress\\e2e\\vacanciesTests.cy.js",
      "file": "cypress\\e2e\\vacanciesTests.cy.js",
      "beforeHooks": [],
      "afterHooks": [],
      "tests": [],
      "suites": [
        {
          "uuid": "3fbf0d33-dc5d-45cf-aad7-f1bdabe2fdfe",
          "title": "Recruitment Module - Vacancies",
          "fullFile": "",
          "file": "",
          "beforeHooks": [],
          "afterHooks": [],
          "tests": [
            {
              "title": "Add and Verify New Vacancies from Excel",
              "fullTitle": "Recruitment Module - Vacancies Add and Verify New Vacancies from Excel",
              "timedOut": null,
              "duration": 36063,
              "state": "passed",
              "speed": "slow",
              "pass": true,
              "fail": false,
              "pending": false,
              "context": null,
              "code": "(0, _readExcel.readExcel)(\"Vacancies\").then(vacancies => {\n  vacancies.forEach(vacancy => {\n    _vacanciesPage.default.clickAddVacancy();\n    _vacanciesPage.default.enterVacancyDetails(vacancy[\"vacancy\"], vacancy[\"jobTitle\"], vacancy[\"hiringManager\"]);\n    _vacanciesPage.default.clickSaveVacancy();\n    _vacanciesPage.default.verifyVacancyAdded(vacancy[\"vacancy\"]);\n  });\n});",
              "err": {},
              "uuid": "a932abe1-56f9-4384-98d3-4512f190195e",
              "parentUUID": "3fbf0d33-dc5d-45cf-aad7-f1bdabe2fdfe",
              "isHook": false,
              "skipped": false
            },
            {
              "title": "Search Vacancy from Excel",
              "fullTitle": "Recruitment Module - Vacancies Search Vacancy from Excel",
              "timedOut": null,
              "duration": 8091,
              "state": "passed",
              "speed": "medium",
              "pass": true,
              "fail": false,
              "pending": false,
              "context": null,
              "code": "(0, _readExcel.readExcel)(\"Vacancies\").then(vacancies => {\n  vacancies.forEach(vacancy => {\n    _vacanciesPage.default.searchVacancy(vacancy[\"vacancy\"]);\n    _vacanciesPage.default.verifyVacancySearchResults(vacancy[\"vacancy\"]);\n  });\n});",
              "err": {},
              "uuid": "a18941fc-6e19-4cdb-858b-7e3c32f0c3f8",
              "parentUUID": "3fbf0d33-dc5d-45cf-aad7-f1bdabe2fdfe",
              "isHook": false,
              "skipped": false
            }
          ],
          "suites": [],
          "passes": [
            "a932abe1-56f9-4384-98d3-4512f190195e",
            "a18941fc-6e19-4cdb-858b-7e3c32f0c3f8"
          ],
          "failures": [],
          "pending": [],
          "skipped": [],
          "duration": 44154,
          "root": false,
          "rootEmpty": false,
          "_timeout": 2000
        }
      ],
      "passes": [],
      "failures": [],
      "pending": [],
      "skipped": [],
      "duration": 0,
      "root": true,
      "rootEmpty": true,
      "_timeout": 2000
    }
  ],
  "meta": {
    "mocha": {
      "version": "7.0.1"
    },
    "mochawesome": {
      "options": {
        "quiet": false,
        "reportFilename": "mochawesome",
        "saveHtml": false,
        "saveJson": true,
        "consoleReporter": "spec",
        "useInlineDiffs": false,
        "code": true
      },
      "version": "7.1.3"
    },
    "marge": {
      "options": {
        "overwrite": false,
        "html": false,
        "json": true,
        "reportDir": "cypress\\reports\\html\\.jsons"
      },
      "version": "6.2.0"
    }
  }
}