{
  "stats": {
    "suites": 1,
    "tests": 2,
    "passes": 2,
    "pending": 0,
    "failures": 0,
    "start": "2025-03-09T00:59:06.242Z",
    "end": "2025-03-09T00:59:46.098Z",
    "duration": 39856,
    "testsRegistered": 2,
    "passPercent": 100,
    "pendingPercent": 0,
    "other": 0,
    "hasOther": false,
    "skipped": 0,
    "hasSkipped": false
  },
  "results": [
    {
      "uuid": "9ea0c7d1-768f-4a83-b670-08e8853cdc58",
      "title": "",
      "fullFile": "cypress\\e2e\\vacanciesTests.cy.js",
      "file": "cypress\\e2e\\vacanciesTests.cy.js",
      "beforeHooks": [],
      "afterHooks": [],
      "tests": [],
      "suites": [
        {
          "uuid": "e6c40de5-2569-46a2-a41a-e7058afd5926",
          "title": "Recruitment Module - Vacancies",
          "fullFile": "",
          "file": "",
          "beforeHooks": [],
          "afterHooks": [],
          "tests": [
            {
              "title": "Add and Verify New Vacancies from Excel",
              "fullTitle": "Recruitment Module - Vacancies Add and Verify New Vacancies from Excel",
              "timedOut": null,
              "duration": 31340,
              "state": "passed",
              "speed": "slow",
              "pass": true,
              "fail": false,
              "pending": false,
              "context": null,
              "code": "(0, _readExcel.readExcel)(\"Vacancies\").then(vacancies => {\n  vacancies.forEach(vacancy => {\n    _vacanciesPage.default.clickAddVacancy();\n    _vacanciesPage.default.enterVacancyDetails(vacancy[\"vacancy\"], vacancy[\"jobTitle\"], vacancy[\"hiringManager\"]);\n    _vacanciesPage.default.clickSaveVacancy();\n    _vacanciesPage.default.verifyVacancyAdded(vacancy[\"vacancy\"]);\n  });\n});",
              "err": {},
              "uuid": "a78b3d15-6fbc-4fdc-b280-e8e8624acc1f",
              "parentUUID": "e6c40de5-2569-46a2-a41a-e7058afd5926",
              "isHook": false,
              "skipped": false
            },
            {
              "title": "Search Vacancy from Excel",
              "fullTitle": "Recruitment Module - Vacancies Search Vacancy from Excel",
              "timedOut": null,
              "duration": 7923,
              "state": "passed",
              "speed": "medium",
              "pass": true,
              "fail": false,
              "pending": false,
              "context": null,
              "code": "(0, _readExcel.readExcel)(\"Vacancies\").then(vacancies => {\n  vacancies.forEach(vacancy => {\n    _vacanciesPage.default.searchVacancy(vacancy[\"vacancy\"]);\n    _vacanciesPage.default.verifyVacancySearchResults(vacancy[\"vacancy\"]);\n  });\n});",
              "err": {},
              "uuid": "32fba797-fb5d-424c-8d60-d2855f78938d",
              "parentUUID": "e6c40de5-2569-46a2-a41a-e7058afd5926",
              "isHook": false,
              "skipped": false
            }
          ],
          "suites": [],
          "passes": [
            "a78b3d15-6fbc-4fdc-b280-e8e8624acc1f",
            "32fba797-fb5d-424c-8d60-d2855f78938d"
          ],
          "failures": [],
          "pending": [],
          "skipped": [],
          "duration": 39263,
          "root": false,
          "rootEmpty": false,
          "_timeout": 2000
        }
      ],
      "passes": [],
      "failures": [],
      "pending": [],
      "skipped": [],
      "duration": 0,
      "root": true,
      "rootEmpty": true,
      "_timeout": 2000
    }
  ],
  "meta": {
    "mocha": {
      "version": "7.0.1"
    },
    "mochawesome": {
      "options": {
        "quiet": false,
        "reportFilename": "mochawesome",
        "saveHtml": false,
        "saveJson": true,
        "consoleReporter": "spec",
        "useInlineDiffs": false,
        "code": true
      },
      "version": "7.1.3"
    },
    "marge": {
      "options": {
        "overwrite": false,
        "html": false,
        "json": true,
        "reportDir": "cypress\\reports\\html\\.jsons"
      },
      "version": "6.2.0"
    }
  }
}