{
  "stats": {
    "suites": 1,
    "tests": 2,
    "passes": 1,
    "pending": 0,
    "failures": 1,
    "start": "2025-03-08T12:13:20.628Z",
    "end": "2025-03-08T12:13:45.031Z",
    "duration": 24403,
    "testsRegistered": 2,
    "passPercent": 50,
    "pendingPercent": 0,
    "other": 0,
    "hasOther": false,
    "skipped": 0,
    "hasSkipped": false
  },
  "results": [
    {
      "uuid": "31b3f9e3-e2bd-4e1f-98c3-740c52e24aab",
      "title": "",
      "fullFile": "cypress\\e2e\\vacanciesTests.cy.js",
      "file": "cypress\\e2e\\vacanciesTests.cy.js",
      "beforeHooks": [],
      "afterHooks": [],
      "tests": [],
      "suites": [
        {
          "uuid": "e1ccd0ad-b449-4c8c-a2b1-bb5864c3407a",
          "title": "Recruitment Module",
          "fullFile": "",
          "file": "",
          "beforeHooks": [],
          "afterHooks": [],
          "tests": [
            {
              "title": "Add and Verify New Vacancy",
              "fullTitle": "Recruitment Module Add and Verify New Vacancy",
              "timedOut": null,
              "duration": 8376,
              "state": "passed",
              "speed": "medium",
              "pass": true,
              "fail": false,
              "pending": false,
              "context": null,
              "code": "_vacanciesPage.default.clickVacancies();\n_vacanciesPage.default.clickAddVacancy();\ncy.log(\"Entering vacancy details...\");\n_vacanciesPage.default.enterVacancyDetails(\"Software Engineer\", \"Software Engineer\", \"Rahul\");\ncy.log(\"Saving vacancy...\");\n_vacanciesPage.default.clickSaveVacancy();",
              "err": {},
              "uuid": "39924cc0-834f-4f13-b38a-798664cc137e",
              "parentUUID": "e1ccd0ad-b449-4c8c-a2b1-bb5864c3407a",
              "isHook": false,
              "skipped": false
            },
            {
              "title": "Search Vacancy",
              "fullTitle": "Recruitment Module Search Vacancy",
              "timedOut": null,
              "duration": 15371,
              "state": "failed",
              "speed": null,
              "pass": false,
              "fail": true,
              "pending": false,
              "context": null,
              "code": "cy.log(\"Searching for vacancy: Software Engineer\");\n_vacanciesPage.default.searchVacancy(\"Software Engineer\");\ncy.log(\"Verifying search results...\");\n_vacanciesPage.default.verifyVacancySearchResults(\"Software Engineer\");",
              "err": {
                "message": "AssertionError: Timed out retrying after 10000ms: expected '[ <div.oxd-table-cell.oxd-padding-cell>, 349 more... ]' to contain 'Software Engineer'",
                "estack": "AssertionError: Timed out retrying after 10000ms: expected '[ <div.oxd-table-cell.oxd-padding-cell>, 349 more... ]' to contain 'Software Engineer'\n    at vacanciesPage.verifyVacancySearchResults (webpack:///./cypress/support/vacanciesPage.js:59:30)\n    at Context.eval (webpack:///./cypress/e2e/vacanciesTests.cy.js:35:18)",
                "diff": null
              },
              "uuid": "f51b2055-4b9c-4e64-9a20-f25b04ac3bed",
              "parentUUID": "e1ccd0ad-b449-4c8c-a2b1-bb5864c3407a",
              "isHook": false,
              "skipped": false
            }
          ],
          "suites": [],
          "passes": [
            "39924cc0-834f-4f13-b38a-798664cc137e"
          ],
          "failures": [
            "f51b2055-4b9c-4e64-9a20-f25b04ac3bed"
          ],
          "pending": [],
          "skipped": [],
          "duration": 23747,
          "root": false,
          "rootEmpty": false,
          "_timeout": 2000
        }
      ],
      "passes": [],
      "failures": [],
      "pending": [],
      "skipped": [],
      "duration": 0,
      "root": true,
      "rootEmpty": true,
      "_timeout": 2000
    }
  ],
  "meta": {
    "mocha": {
      "version": "7.0.1"
    },
    "mochawesome": {
      "options": {
        "quiet": false,
        "reportFilename": "mochawesome",
        "saveHtml": false,
        "saveJson": true,
        "consoleReporter": "spec",
        "useInlineDiffs": false,
        "code": true
      },
      "version": "7.1.3"
    },
    "marge": {
      "options": {
        "overwrite": false,
        "html": false,
        "json": true,
        "reportDir": "cypress\\reports\\html\\.jsons"
      },
      "version": "6.2.0"
    }
  }
}