{
  "stats": {
    "suites": 1,
    "tests": 2,
    "passes": 2,
    "pending": 0,
    "failures": 0,
    "start": "2025-03-08T11:13:42.517Z",
    "end": "2025-03-08T11:13:57.549Z",
    "duration": 15032,
    "testsRegistered": 2,
    "passPercent": 100,
    "pendingPercent": 0,
    "other": 0,
    "hasOther": false,
    "skipped": 0,
    "hasSkipped": false
  },
  "results": [
    {
      "uuid": "3607fa7a-97b3-483b-8a04-459dead704b7",
      "title": "",
      "fullFile": "cypress\\e2e\\candidatesTests.cy.js",
      "file": "cypress\\e2e\\candidatesTests.cy.js",
      "beforeHooks": [],
      "afterHooks": [],
      "tests": [],
      "suites": [
        {
          "uuid": "1ca5a5f3-ee08-4233-9592-fe2245922f5b",
          "title": "Recruitment Module",
          "fullFile": "",
          "file": "",
          "beforeHooks": [],
          "afterHooks": [],
          "tests": [
            {
              "title": "Add and Verify New Candidate",
              "fullTitle": "Recruitment Module Add and Verify New Candidate",
              "timedOut": null,
              "duration": 10276,
              "state": "passed",
              "speed": "slow",
              "pass": true,
              "fail": false,
              "pending": false,
              "context": null,
              "code": "_candidatesPage.default.clickAddCandidate();\n_candidatesPage.default.enterCandidateDetails(\"John\", \"Doe\", \"john.doe@domain.com\");\n_candidatesPage.default.clickSaveCandidate();\n_candidatesPage.default.verifyCandidateAdded(\"John Doe\");",
              "err": {},
              "uuid": "879900dd-8b83-4432-92cf-1d37605c4037",
              "parentUUID": "1ca5a5f3-ee08-4233-9592-fe2245922f5b",
              "isHook": false,
              "skipped": false
            },
            {
              "title": "Search Candidate",
              "fullTitle": "Recruitment Module Search Candidate",
              "timedOut": null,
              "duration": 4329,
              "state": "passed",
              "speed": "fast",
              "pass": true,
              "fail": false,
              "pending": false,
              "context": null,
              "code": "_candidatesPage.default.searchCandidate(\"John\");\n_candidatesPage.default.verifyCandidateSearchResults(\"John\");",
              "err": {},
              "uuid": "b7855fb1-65c5-4657-bd9c-38c678cdcd97",
              "parentUUID": "1ca5a5f3-ee08-4233-9592-fe2245922f5b",
              "isHook": false,
              "skipped": false
            }
          ],
          "suites": [],
          "passes": [
            "879900dd-8b83-4432-92cf-1d37605c4037",
            "b7855fb1-65c5-4657-bd9c-38c678cdcd97"
          ],
          "failures": [],
          "pending": [],
          "skipped": [],
          "duration": 14605,
          "root": false,
          "rootEmpty": false,
          "_timeout": 2000
        }
      ],
      "passes": [],
      "failures": [],
      "pending": [],
      "skipped": [],
      "duration": 0,
      "root": true,
      "rootEmpty": true,
      "_timeout": 2000
    }
  ],
  "meta": {
    "mocha": {
      "version": "7.0.1"
    },
    "mochawesome": {
      "options": {
        "quiet": false,
        "reportFilename": "mochawesome",
        "saveHtml": false,
        "saveJson": true,
        "consoleReporter": "spec",
        "useInlineDiffs": false,
        "code": true
      },
      "version": "7.1.3"
    },
    "marge": {
      "options": {
        "overwrite": false,
        "html": false,
        "json": true,
        "reportDir": "cypress\\reports\\html\\.jsons"
      },
      "version": "6.2.0"
    }
  }
}