{
  "stats": {
    "suites": 1,
    "tests": 4,
    "passes": 0,
    "pending": 0,
    "failures": 4,
    "start": "2025-03-08T11:44:28.931Z",
    "end": "2025-03-08T11:45:11.018Z",
    "duration": 42087,
    "testsRegistered": 4,
    "passPercent": 0,
    "pendingPercent": 0,
    "other": 0,
    "hasOther": false,
    "skipped": 0,
    "hasSkipped": false
  },
  "results": [
    {
      "uuid": "e9745b2a-3135-4919-8dc8-389666652bd5",
      "title": "",
      "fullFile": "cypress\\e2e\\vacanciesTests.cy.js",
      "file": "cypress\\e2e\\vacanciesTests.cy.js",
      "beforeHooks": [],
      "afterHooks": [],
      "tests": [],
      "suites": [
        {
          "uuid": "57700211-8ad9-43cd-9e73-56aed8e59e91",
          "title": "Recruitment Module",
          "fullFile": "",
          "file": "",
          "beforeHooks": [],
          "afterHooks": [],
          "tests": [
            {
              "title": "Add and Verify New Candidate",
              "fullTitle": "Recruitment Module Add and Verify New Candidate",
              "timedOut": null,
              "duration": 4560,
              "state": "failed",
              "speed": null,
              "pass": false,
              "fail": true,
              "pending": false,
              "context": null,
              "code": "_vacanciesPage.default.clickAddCandidate();\n_vacanciesPage.default.enterCandidateDetails(\"John\", \"Doe\", \"john.doe@domain.com\");\n_vacanciesPage.default.clickSaveCandidate();\n_vacanciesPage.default.verifyCandidateAdded(\"John Doe\");",
              "err": {
                "message": "TypeError: _vacanciesPage.default.clickAddCandidate is not a function",
                "estack": "TypeError: _vacanciesPage.default.clickAddCandidate is not a function\n    at Context.eval (webpack:///./cypress/e2e/vacanciesTests.cy.js:15:18)\n    at runnable.fn (https://opensource-demo.orangehrmlive.com/__cypress/runner/cypress_runner.js:139102:19)\n    at callFn (https://opensource-demo.orangehrmlive.com/__cypress/runner/cypress_runner.js:157702:21)\n    at Runnable.run (https://opensource-demo.orangehrmlive.com/__cypress/runner/cypress_runner.js:157689:7)\n    at <unknown> (https://opensource-demo.orangehrmlive.com/__cypress/runner/cypress_runner.js:163619:30)\n    at PassThroughHandlerContext.finallyHandler (https://opensource-demo.orangehrmlive.com/__cypress/runner/cypress_runner.js:4042:23)\n    at PassThroughHandlerContext.tryCatcher (https://opensource-demo.orangehrmlive.com/__cypress/runner/cypress_runner.js:1777:23)\n    at Promise._settlePromiseFromHandler (https://opensource-demo.orangehrmlive.com/__cypress/runner/cypress_runner.js:1489:31)\n    at Promise._settlePromise (https://opensource-demo.orangehrmlive.com/__cypress/runner/cypress_runner.js:1546:18)",
                "diff": null
              },
              "uuid": "d7d292f9-da4e-4d10-9c9d-8ed6c6dcbf39",
              "parentUUID": "57700211-8ad9-43cd-9e73-56aed8e59e91",
              "isHook": false,
              "skipped": false
            },
            {
              "title": "Search Candidate",
              "fullTitle": "Recruitment Module Search Candidate",
              "timedOut": null,
              "duration": 4126,
              "state": "failed",
              "speed": null,
              "pass": false,
              "fail": true,
              "pending": false,
              "context": null,
              "code": "_vacanciesPage.default.searchCandidate(\"John\");\n_vacanciesPage.default.verifyCandidateSearchResults(\"John\");",
              "err": {
                "message": "TypeError: _vacanciesPage.default.searchCandidate is not a function",
                "estack": "TypeError: _vacanciesPage.default.searchCandidate is not a function\n    at Context.eval (webpack:///./cypress/e2e/vacanciesTests.cy.js:23:18)\n    at runnable.fn (https://opensource-demo.orangehrmlive.com/__cypress/runner/cypress_runner.js:139102:19)\n    at callFn (https://opensource-demo.orangehrmlive.com/__cypress/runner/cypress_runner.js:157702:21)\n    at Runnable.run (https://opensource-demo.orangehrmlive.com/__cypress/runner/cypress_runner.js:157689:7)\n    at <unknown> (https://opensource-demo.orangehrmlive.com/__cypress/runner/cypress_runner.js:163619:30)\n    at PassThroughHandlerContext.finallyHandler (https://opensource-demo.orangehrmlive.com/__cypress/runner/cypress_runner.js:4042:23)\n    at PassThroughHandlerContext.tryCatcher (https://opensource-demo.orangehrmlive.com/__cypress/runner/cypress_runner.js:1777:23)\n    at Promise._settlePromiseFromHandler (https://opensource-demo.orangehrmlive.com/__cypress/runner/cypress_runner.js:1489:31)\n    at Promise._settlePromise (https://opensource-demo.orangehrmlive.com/__cypress/runner/cypress_runner.js:1546:18)",
                "diff": null
              },
              "uuid": "1465e961-32f7-40f9-9381-e49a1c466f4e",
              "parentUUID": "57700211-8ad9-43cd-9e73-56aed8e59e91",
              "isHook": false,
              "skipped": false
            },
            {
              "title": "Add and Verify New Vacancy",
              "fullTitle": "Recruitment Module Add and Verify New Vacancy",
              "timedOut": null,
              "duration": 16908,
              "state": "failed",
              "speed": null,
              "pass": false,
              "fail": true,
              "pending": false,
              "context": null,
              "code": "_vacanciesPage.default.clickVacancies();\n_vacanciesPage.default.clickAddVacancy();\ncy.log(\"Entering vacancy details...\");\n_vacanciesPage.default.enterVacancyDetails(\"Senior Software Engineer\", \"Software Engineer\", \"Ranga\");\ncy.log(\"Saving vacancy...\");\n_vacanciesPage.default.clickSaveVacancy();",
              "err": {
                "message": "AssertionError: Timed out retrying after 10000ms: Expected to find content: 'Ranga' within the element: <div.oxd-autocomplete-dropdown.--positon-bottom> but never did.",
                "estack": "AssertionError: Timed out retrying after 10000ms: Expected to find content: 'Ranga' within the element: <div.oxd-autocomplete-dropdown.--positon-bottom> but never did.\n    at vacanciesPage.enterVacancyDetails (webpack:///./cypress/support/vacanciesPage.js:34:43)\n    at Context.eval (webpack:///./cypress/e2e/vacanciesTests.cy.js:33:18)",
                "diff": null
              },
              "uuid": "2c6b7df2-5bc7-4c5a-80b4-731a1fac23c3",
              "parentUUID": "57700211-8ad9-43cd-9e73-56aed8e59e91",
              "isHook": false,
              "skipped": false
            },
            {
              "title": "Search Vacancy",
              "fullTitle": "Recruitment Module Search Vacancy",
              "timedOut": null,
              "duration": 15401,
              "state": "failed",
              "speed": null,
              "pass": false,
              "fail": true,
              "pending": false,
              "context": null,
              "code": "_vacanciesPage.default.searchVacancy(\"Junior Software Engineer\");\n_vacanciesPage.default.verifyVacancySearchResults(\"Junior Software Engineer\");",
              "err": {
                "message": "AssertionError: Timed out retrying after 10000ms: expected '[ <div.oxd-table-cell.oxd-padding-cell>, 349 more... ]' to contain 'Junior Software Engineer'",
                "estack": "AssertionError: Timed out retrying after 10000ms: expected '[ <div.oxd-table-cell.oxd-padding-cell>, 349 more... ]' to contain 'Junior Software Engineer'\n    at vacanciesPage.verifyVacancySearchResults (webpack:///./cypress/support/vacanciesPage.js:59:30)\n    at Context.eval (webpack:///./cypress/e2e/vacanciesTests.cy.js:46:18)",
                "diff": null
              },
              "uuid": "23a82c5e-8a05-44d8-9605-f1ccb62ca811",
              "parentUUID": "57700211-8ad9-43cd-9e73-56aed8e59e91",
              "isHook": false,
              "skipped": false
            }
          ],
          "suites": [],
          "passes": [],
          "failures": [
            "d7d292f9-da4e-4d10-9c9d-8ed6c6dcbf39",
            "1465e961-32f7-40f9-9381-e49a1c466f4e",
            "2c6b7df2-5bc7-4c5a-80b4-731a1fac23c3",
            "23a82c5e-8a05-44d8-9605-f1ccb62ca811"
          ],
          "pending": [],
          "skipped": [],
          "duration": 40995,
          "root": false,
          "rootEmpty": false,
          "_timeout": 2000
        }
      ],
      "passes": [],
      "failures": [],
      "pending": [],
      "skipped": [],
      "duration": 0,
      "root": true,
      "rootEmpty": true,
      "_timeout": 2000
    }
  ],
  "meta": {
    "mocha": {
      "version": "7.0.1"
    },
    "mochawesome": {
      "options": {
        "quiet": false,
        "reportFilename": "mochawesome",
        "saveHtml": false,
        "saveJson": true,
        "consoleReporter": "spec",
        "useInlineDiffs": false,
        "code": true
      },
      "version": "7.1.3"
    },
    "marge": {
      "options": {
        "overwrite": false,
        "html": false,
        "json": true,
        "reportDir": "cypress\\reports\\html\\.jsons"
      },
      "version": "6.2.0"
    }
  }
}