{
  "stats": {
    "suites": 1,
    "tests": 4,
    "passes": 0,
    "pending": 0,
    "failures": 4,
    "start": "2025-03-08T11:14:17.535Z",
    "end": "2025-03-08T11:14:56.798Z",
    "duration": 39263,
    "testsRegistered": 4,
    "passPercent": 0,
    "pendingPercent": 0,
    "other": 0,
    "hasOther": false,
    "skipped": 0,
    "hasSkipped": false
  },
  "results": [
    {
      "uuid": "e70b980a-62c5-40ac-a8d2-1dfef4dc0dc1",
      "title": "",
      "fullFile": "cypress\\e2e\\vacanciesTests.cy.js",
      "file": "cypress\\e2e\\vacanciesTests.cy.js",
      "beforeHooks": [],
      "afterHooks": [],
      "tests": [],
      "suites": [
        {
          "uuid": "e5105273-3eb1-42e3-874b-408c5dedbb35",
          "title": "Recruitment Module",
          "fullFile": "",
          "file": "",
          "beforeHooks": [],
          "afterHooks": [],
          "tests": [
            {
              "title": "Add and Verify New Candidate",
              "fullTitle": "Recruitment Module Add and Verify New Candidate",
              "timedOut": null,
              "duration": 3578,
              "state": "failed",
              "speed": null,
              "pass": false,
              "fail": true,
              "pending": false,
              "context": null,
              "code": "_vacanciesPage.default.clickAddCandidate();\n_vacanciesPage.default.enterCandidateDetails(\"John\", \"Doe\", \"john.doe@domain.com\");\n_vacanciesPage.default.clickSaveCandidate();\n_vacanciesPage.default.verifyCandidateAdded(\"John Doe\");",
              "err": {
                "message": "TypeError: _vacanciesPage.default.clickAddCandidate is not a function",
                "estack": "TypeError: _vacanciesPage.default.clickAddCandidate is not a function\n    at Context.eval (webpack:///./cypress/e2e/vacanciesTests.cy.js:15:18)\n    at runnable.fn (https://opensource-demo.orangehrmlive.com/__cypress/runner/cypress_runner.js:139102:19)\n    at callFn (https://opensource-demo.orangehrmlive.com/__cypress/runner/cypress_runner.js:157702:21)\n    at Runnable.run (https://opensource-demo.orangehrmlive.com/__cypress/runner/cypress_runner.js:157689:7)\n    at <unknown> (https://opensource-demo.orangehrmlive.com/__cypress/runner/cypress_runner.js:163619:30)\n    at PassThroughHandlerContext.finallyHandler (https://opensource-demo.orangehrmlive.com/__cypress/runner/cypress_runner.js:4042:23)\n    at PassThroughHandlerContext.tryCatcher (https://opensource-demo.orangehrmlive.com/__cypress/runner/cypress_runner.js:1777:23)\n    at Promise._settlePromiseFromHandler (https://opensource-demo.orangehrmlive.com/__cypress/runner/cypress_runner.js:1489:31)\n    at Promise._settlePromise (https://opensource-demo.orangehrmlive.com/__cypress/runner/cypress_runner.js:1546:18)",
                "diff": null
              },
              "uuid": "707ac585-e48a-48c9-9e52-60f2a3f7a390",
              "parentUUID": "e5105273-3eb1-42e3-874b-408c5dedbb35",
              "isHook": false,
              "skipped": false
            },
            {
              "title": "Search Candidate",
              "fullTitle": "Recruitment Module Search Candidate",
              "timedOut": null,
              "duration": 3470,
              "state": "failed",
              "speed": null,
              "pass": false,
              "fail": true,
              "pending": false,
              "context": null,
              "code": "_vacanciesPage.default.searchCandidate(\"John\");\n_vacanciesPage.default.verifyCandidateSearchResults(\"John\");",
              "err": {
                "message": "TypeError: _vacanciesPage.default.searchCandidate is not a function",
                "estack": "TypeError: _vacanciesPage.default.searchCandidate is not a function\n    at Context.eval (webpack:///./cypress/e2e/vacanciesTests.cy.js:23:18)\n    at runnable.fn (https://opensource-demo.orangehrmlive.com/__cypress/runner/cypress_runner.js:139102:19)\n    at callFn (https://opensource-demo.orangehrmlive.com/__cypress/runner/cypress_runner.js:157702:21)\n    at Runnable.run (https://opensource-demo.orangehrmlive.com/__cypress/runner/cypress_runner.js:157689:7)\n    at <unknown> (https://opensource-demo.orangehrmlive.com/__cypress/runner/cypress_runner.js:163619:30)\n    at PassThroughHandlerContext.finallyHandler (https://opensource-demo.orangehrmlive.com/__cypress/runner/cypress_runner.js:4042:23)\n    at PassThroughHandlerContext.tryCatcher (https://opensource-demo.orangehrmlive.com/__cypress/runner/cypress_runner.js:1777:23)\n    at Promise._settlePromiseFromHandler (https://opensource-demo.orangehrmlive.com/__cypress/runner/cypress_runner.js:1489:31)\n    at Promise._settlePromise (https://opensource-demo.orangehrmlive.com/__cypress/runner/cypress_runner.js:1546:18)",
                "diff": null
              },
              "uuid": "6f113c82-e819-442b-ba66-fcfd15eac99f",
              "parentUUID": "e5105273-3eb1-42e3-874b-408c5dedbb35",
              "isHook": false,
              "skipped": false
            },
            {
              "title": "Add and Verify New Vacancy",
              "fullTitle": "Recruitment Module Add and Verify New Vacancy",
              "timedOut": null,
              "duration": 16315,
              "state": "failed",
              "speed": null,
              "pass": false,
              "fail": true,
              "pending": false,
              "context": null,
              "code": "_vacanciesPage.default.clickVacancies();\n_vacanciesPage.default.clickAddVacancy();\ncy.log(\"Entering vacancy details...\");\n_vacanciesPage.default.enterVacancyDetails(\"Senior Software Engineer\", \"Software Engineer\", \"Ranga\");\ncy.log(\"Saving vacancy...\");\n_vacanciesPage.default.clickSaveVacancy();",
              "err": {
                "message": "AssertionError: Timed out retrying after 10000ms: Expected to find content: 'Ranga' within the element: <div.oxd-autocomplete-dropdown.--positon-bottom> but never did.",
                "estack": "AssertionError: Timed out retrying after 10000ms: Expected to find content: 'Ranga' within the element: <div.oxd-autocomplete-dropdown.--positon-bottom> but never did.\n    at vacanciesPage.enterVacancyDetails (webpack:///./cypress/support/vacanciesPage.js:34:43)\n    at Context.eval (webpack:///./cypress/e2e/vacanciesTests.cy.js:33:18)",
                "diff": null
              },
              "uuid": "8e0f0578-e613-467c-ae29-64839ef438ff",
              "parentUUID": "e5105273-3eb1-42e3-874b-408c5dedbb35",
              "isHook": false,
              "skipped": false
            },
            {
              "title": "Search Vacancy",
              "fullTitle": "Recruitment Module Search Vacancy",
              "timedOut": null,
              "duration": 15103,
              "state": "failed",
              "speed": null,
              "pass": false,
              "fail": true,
              "pending": false,
              "context": null,
              "code": "_vacanciesPage.default.searchVacancy(\"Junior Software Engineer\");\n_vacanciesPage.default.verifyVacancySearchResults(\"Junior Software Engineer\");",
              "err": {
                "message": "AssertionError: Timed out retrying after 10000ms: expected '[ <div.oxd-table-cell.oxd-padding-cell>, 349 more... ]' to contain 'Junior Software Engineer'",
                "estack": "AssertionError: Timed out retrying after 10000ms: expected '[ <div.oxd-table-cell.oxd-padding-cell>, 349 more... ]' to contain 'Junior Software Engineer'\n    at vacanciesPage.verifyVacancySearchResults (webpack:///./cypress/support/vacanciesPage.js:59:30)\n    at Context.eval (webpack:///./cypress/e2e/vacanciesTests.cy.js:46:18)",
                "diff": null
              },
              "uuid": "d20771f6-eb62-4fdc-8572-238dc4160d58",
              "parentUUID": "e5105273-3eb1-42e3-874b-408c5dedbb35",
              "isHook": false,
              "skipped": false
            }
          ],
          "suites": [],
          "passes": [],
          "failures": [
            "707ac585-e48a-48c9-9e52-60f2a3f7a390",
            "6f113c82-e819-442b-ba66-fcfd15eac99f",
            "8e0f0578-e613-467c-ae29-64839ef438ff",
            "d20771f6-eb62-4fdc-8572-238dc4160d58"
          ],
          "pending": [],
          "skipped": [],
          "duration": 38466,
          "root": false,
          "rootEmpty": false,
          "_timeout": 2000
        }
      ],
      "passes": [],
      "failures": [],
      "pending": [],
      "skipped": [],
      "duration": 0,
      "root": true,
      "rootEmpty": true,
      "_timeout": 2000
    }
  ],
  "meta": {
    "mocha": {
      "version": "7.0.1"
    },
    "mochawesome": {
      "options": {
        "quiet": false,
        "reportFilename": "mochawesome",
        "saveHtml": false,
        "saveJson": true,
        "consoleReporter": "spec",
        "useInlineDiffs": false,
        "code": true
      },
      "version": "7.1.3"
    },
    "marge": {
      "options": {
        "overwrite": false,
        "html": false,
        "json": true,
        "reportDir": "cypress\\reports\\html\\.jsons"
      },
      "version": "6.2.0"
    }
  }
}