{
  "stats": {
    "suites": 1,
    "tests": 1,
    "passes": 0,
    "pending": 0,
    "failures": 1,
    "start": "2025-03-08T17:24:35.833Z",
    "end": "2025-03-08T17:25:02.095Z",
    "duration": 26262,
    "testsRegistered": 1,
    "passPercent": 0,
    "pendingPercent": 0,
    "other": 0,
    "hasOther": false,
    "skipped": 0,
    "hasSkipped": false
  },
  "results": [
    {
      "uuid": "740cc3a8-e081-46e7-aa37-bf326100b628",
      "title": "",
      "fullFile": "cypress\\e2e\\candidatesTests.cy.js",
      "file": "cypress\\e2e\\candidatesTests.cy.js",
      "beforeHooks": [],
      "afterHooks": [],
      "tests": [],
      "suites": [
        {
          "uuid": "5ed8d61c-5452-471d-a2a8-eadd066e56b5",
          "title": "Recruitment Module - Candidates",
          "fullFile": "",
          "file": "",
          "beforeHooks": [],
          "afterHooks": [],
          "tests": [
            {
              "title": "Add and Verify New Candidates from Excel",
              "fullTitle": "Recruitment Module - Candidates Add and Verify New Candidates from Excel",
              "timedOut": null,
              "duration": 26108,
              "state": "failed",
              "speed": null,
              "pass": false,
              "fail": true,
              "pending": false,
              "context": null,
              "code": "(0, _readExcel.readExcel)(\"Candidates\").then(candidates => {\n  if (candidates.length === 0) {\n    throw new Error(\"No candidates found in the Excel sheet.\");\n  }\n  candidates.forEach(candidate => {\n    _candidatesPage.default.clickAddCandidate();\n    _candidatesPage.default.enterCandidateDetails(candidate[\"firstName\"], candidate[\"lastName\"], candidate[\"email\"]);\n    _candidatesPage.default.clickSaveCandidate();\n    _candidatesPage.default.verifyCandidateAdded(`${candidate[\"firstName\"]} ${candidate[\"lastName\"]}`);\n  });\n});",
              "err": {
                "message": "AssertionError: Timed out retrying after 15000ms: Expected to find element: `button.oxd-button.add-candidate`, but never found it.",
                "estack": "AssertionError: Timed out retrying after 15000ms: Expected to find element: `button.oxd-button.add-candidate`, but never found it.\n    at candidatesPage.clickAddCandidate (webpack:///./cypress/support/candidatesPage.js:19:7)\n    at eval (webpack:///./cypress/e2e/candidatesTests.cy.js:22:23)\nat Array.forEach (<anonymous>)\n    at Context.eval (webpack:///./cypress/e2e/candidatesTests.cy.js:21:17)\n    at getRet (https://opensource-demo.orangehrmlive.com/__cypress/runner/cypress_runner.js:118322:20)\n    at tryCatcher (https://opensource-demo.orangehrmlive.com/__cypress/runner/cypress_runner.js:1777:23)\n    at Promise.attempt.Promise.try (https://opensource-demo.orangehrmlive.com/__cypress/runner/cypress_runner.js:4285:29)\n    at Context.thenFn (https://opensource-demo.orangehrmlive.com/__cypress/runner/cypress_runner.js:118333:66)\n    at Context.then (https://opensource-demo.orangehrmlive.com/__cypress/runner/cypress_runner.js:118584:21)",
                "diff": null
              },
              "uuid": "548b38a2-c053-452c-9386-7c4379cb687f",
              "parentUUID": "5ed8d61c-5452-471d-a2a8-eadd066e56b5",
              "isHook": false,
              "skipped": false
            }
          ],
          "suites": [],
          "passes": [],
          "failures": [
            "548b38a2-c053-452c-9386-7c4379cb687f"
          ],
          "pending": [],
          "skipped": [],
          "duration": 26108,
          "root": false,
          "rootEmpty": false,
          "_timeout": 2000
        }
      ],
      "passes": [],
      "failures": [],
      "pending": [],
      "skipped": [],
      "duration": 0,
      "root": true,
      "rootEmpty": true,
      "_timeout": 2000
    }
  ],
  "meta": {
    "mocha": {
      "version": "7.0.1"
    },
    "mochawesome": {
      "options": {
        "quiet": false,
        "reportFilename": "mochawesome",
        "saveHtml": false,
        "saveJson": true,
        "consoleReporter": "spec",
        "useInlineDiffs": false,
        "code": true
      },
      "version": "7.1.3"
    },
    "marge": {
      "options": {
        "overwrite": false,
        "html": false,
        "json": true,
        "reportDir": "cypress\\reports\\html\\.jsons"
      },
      "version": "6.2.0"
    }
  }
}