{
  "stats": {
    "suites": 1,
    "tests": 2,
    "passes": 2,
    "pending": 0,
    "failures": 0,
    "start": "2025-03-09T00:06:25.358Z",
    "end": "2025-03-09T00:07:04.885Z",
    "duration": 39527,
    "testsRegistered": 2,
    "passPercent": 100,
    "pendingPercent": 0,
    "other": 0,
    "hasOther": false,
    "skipped": 0,
    "hasSkipped": false
  },
  "results": [
    {
      "uuid": "9f6d17d2-48d6-47fa-9dab-138a8670d9b5",
      "title": "",
      "fullFile": "cypress\\e2e\\candidatesTests.cy.js",
      "file": "cypress\\e2e\\candidatesTests.cy.js",
      "beforeHooks": [],
      "afterHooks": [],
      "tests": [],
      "suites": [
        {
          "uuid": "21d204a7-7961-4dfc-a511-3e75251913cb",
          "title": "Recruitment Module - Candidates",
          "fullFile": "",
          "file": "",
          "beforeHooks": [],
          "afterHooks": [],
          "tests": [
            {
              "title": "Add and Verify New Candidates from Excel",
              "fullTitle": "Recruitment Module - Candidates Add and Verify New Candidates from Excel",
              "timedOut": null,
              "duration": 31787,
              "state": "passed",
              "speed": "slow",
              "pass": true,
              "fail": false,
              "pending": false,
              "context": null,
              "code": "(0, _readExcel.readExcel)(\"Candidates\").then(candidates => {\n  if (candidates.length === 0) {\n    throw new Error(\"No candidates found in the Excel sheet.\");\n  }\n  candidates.forEach(candidate => {\n    _candidatesPage.default.clickAddCandidate();\n    _candidatesPage.default.enterCandidateDetails(candidate[\"firstName\"], candidate[\"lastName\"], candidate[\"email\"]);\n    _candidatesPage.default.clickSaveCandidate();\n  });\n});",
              "err": {},
              "uuid": "6fdf8e9c-c1bc-4ea8-bb0a-bdd18ac90178",
              "parentUUID": "21d204a7-7961-4dfc-a511-3e75251913cb",
              "isHook": false,
              "skipped": false
            },
            {
              "title": "Search Candidate from Excel",
              "fullTitle": "Recruitment Module - Candidates Search Candidate from Excel",
              "timedOut": null,
              "duration": 7039,
              "state": "passed",
              "speed": "medium",
              "pass": true,
              "fail": false,
              "pending": false,
              "context": null,
              "code": "(0, _readExcel.readExcel)(\"Candidates\").then(candidates => {\n  candidates.forEach(candidate => {\n    _candidatesPage.default.searchCandidate(candidate[\"firstName\"]);\n    _candidatesPage.default.verifyCandidateSearchResults(candidate[\"firstName\"]);\n  });\n});",
              "err": {},
              "uuid": "aed8f069-10ca-463d-b449-710dc066ae35",
              "parentUUID": "21d204a7-7961-4dfc-a511-3e75251913cb",
              "isHook": false,
              "skipped": false
            }
          ],
          "suites": [],
          "passes": [
            "6fdf8e9c-c1bc-4ea8-bb0a-bdd18ac90178",
            "aed8f069-10ca-463d-b449-710dc066ae35"
          ],
          "failures": [],
          "pending": [],
          "skipped": [],
          "duration": 38826,
          "root": false,
          "rootEmpty": false,
          "_timeout": 2000
        }
      ],
      "passes": [],
      "failures": [],
      "pending": [],
      "skipped": [],
      "duration": 0,
      "root": true,
      "rootEmpty": true,
      "_timeout": 2000
    }
  ],
  "meta": {
    "mocha": {
      "version": "7.0.1"
    },
    "mochawesome": {
      "options": {
        "quiet": false,
        "reportFilename": "mochawesome",
        "saveHtml": false,
        "saveJson": true,
        "consoleReporter": "spec",
        "useInlineDiffs": false,
        "code": true
      },
      "version": "7.1.3"
    },
    "marge": {
      "options": {
        "overwrite": false,
        "html": false,
        "json": true,
        "reportDir": "cypress\\reports\\html\\.jsons"
      },
      "version": "6.2.0"
    }
  }
}