{
  "stats": {
    "suites": 1,
    "tests": 2,
    "passes": 2,
    "pending": 0,
    "failures": 0,
    "start": "2025-03-08T12:07:15.720Z",
    "end": "2025-03-08T12:07:32.515Z",
    "duration": 16795,
    "testsRegistered": 2,
    "passPercent": 100,
    "pendingPercent": 0,
    "other": 0,
    "hasOther": false,
    "skipped": 0,
    "hasSkipped": false
  },
  "results": [
    {
      "uuid": "b92cb978-9178-441e-b98f-761efb774284",
      "title": "",
      "fullFile": "cypress\\e2e\\candidatesTests.cy.js",
      "file": "cypress\\e2e\\candidatesTests.cy.js",
      "beforeHooks": [],
      "afterHooks": [],
      "tests": [],
      "suites": [
        {
          "uuid": "b208a76b-ebba-4dc7-a11d-32b6d6bf7874",
          "title": "Recruitment Module",
          "fullFile": "",
          "file": "",
          "beforeHooks": [],
          "afterHooks": [],
          "tests": [
            {
              "title": "Add and Verify New Candidate",
              "fullTitle": "Recruitment Module Add and Verify New Candidate",
              "timedOut": null,
              "duration": 10811,
              "state": "passed",
              "speed": "slow",
              "pass": true,
              "fail": false,
              "pending": false,
              "context": null,
              "code": "_candidatesPage.default.clickAddCandidate();\n_candidatesPage.default.enterCandidateDetails(\"John\", \"Doe\", \"john.doe@domain.com\");\n_candidatesPage.default.clickSaveCandidate();\n_candidatesPage.default.verifyCandidateAdded(\"John Doe\");",
              "err": {},
              "uuid": "d378edc0-5cda-4044-8970-bafccdf78ad1",
              "parentUUID": "b208a76b-ebba-4dc7-a11d-32b6d6bf7874",
              "isHook": false,
              "skipped": false
            },
            {
              "title": "Search Candidate",
              "fullTitle": "Recruitment Module Search Candidate",
              "timedOut": null,
              "duration": 5527,
              "state": "passed",
              "speed": "medium",
              "pass": true,
              "fail": false,
              "pending": false,
              "context": null,
              "code": "_candidatesPage.default.searchCandidate(\"John\");\n_candidatesPage.default.verifyCandidateSearchResults(\"John\");",
              "err": {},
              "uuid": "e9d252d7-d815-4073-bf1b-c0e019420cd1",
              "parentUUID": "b208a76b-ebba-4dc7-a11d-32b6d6bf7874",
              "isHook": false,
              "skipped": false
            }
          ],
          "suites": [],
          "passes": [
            "d378edc0-5cda-4044-8970-bafccdf78ad1",
            "e9d252d7-d815-4073-bf1b-c0e019420cd1"
          ],
          "failures": [],
          "pending": [],
          "skipped": [],
          "duration": 16338,
          "root": false,
          "rootEmpty": false,
          "_timeout": 2000
        }
      ],
      "passes": [],
      "failures": [],
      "pending": [],
      "skipped": [],
      "duration": 0,
      "root": true,
      "rootEmpty": true,
      "_timeout": 2000
    }
  ],
  "meta": {
    "mocha": {
      "version": "7.0.1"
    },
    "mochawesome": {
      "options": {
        "quiet": false,
        "reportFilename": "mochawesome",
        "saveHtml": false,
        "saveJson": true,
        "consoleReporter": "spec",
        "useInlineDiffs": false,
        "code": true
      },
      "version": "7.1.3"
    },
    "marge": {
      "options": {
        "overwrite": false,
        "html": false,
        "json": true,
        "reportDir": "cypress\\reports\\html\\.jsons"
      },
      "version": "6.2.0"
    }
  }
}