{
  "stats": {
    "suites": 1,
    "tests": 2,
    "passes": 0,
    "pending": 0,
    "failures": 2,
    "start": "2025-03-08T15:06:33.349Z",
    "end": "2025-03-08T15:07:09.781Z",
    "duration": 36432,
    "testsRegistered": 2,
    "passPercent": 0,
    "pendingPercent": 0,
    "other": 0,
    "hasOther": false,
    "skipped": 0,
    "hasSkipped": false
  },
  "results": [
    {
      "uuid": "77eb0df5-5b63-4281-8a5a-e1c4825b958e",
      "title": "",
      "fullFile": "cypress\\e2e\\vacanciesTests.cy.js",
      "file": "cypress\\e2e\\vacanciesTests.cy.js",
      "beforeHooks": [],
      "afterHooks": [],
      "tests": [],
      "suites": [
        {
          "uuid": "fb077bdb-bffd-419d-80be-07ed320d56f4",
          "title": "Recruitment Module - Vacancies",
          "fullFile": "",
          "file": "",
          "beforeHooks": [],
          "afterHooks": [],
          "tests": [
            {
              "title": "Add and Verify New Vacancies from Excel",
              "fullTitle": "Recruitment Module - Vacancies Add and Verify New Vacancies from Excel",
              "timedOut": null,
              "duration": 19519,
              "state": "failed",
              "speed": null,
              "pass": false,
              "fail": true,
              "pending": false,
              "context": null,
              "code": "(0, _readExcel.readExcel)(\"Vacancies\").then(vacancies => {\n  vacancies.forEach(vacancy => {\n    _vacanciesPage.default.clickAddVacancy();\n    _vacanciesPage.default.enterVacancyDetails(vacancy[\"vacancy\"], vacancy[\"jobTitle\"], vacancy[\"hiringManager\"]);\n    _vacanciesPage.default.clickSaveVacancy();\n    _vacanciesPage.default.verifyVacancyAdded(vacancy[\"vacancy\"]);\n  });\n});",
              "err": {
                "message": "AssertionError: Timed out retrying after 10000ms: Expected to find element: `.oxd-table`, but never found it.",
                "estack": "AssertionError: Timed out retrying after 10000ms: Expected to find element: `.oxd-table`, but never found it.\n    at vacanciesPage.verifyVacancyAdded (webpack:///./cypress/support/vacanciesPage.js:51:25)\n    at eval (webpack:///./cypress/e2e/vacanciesTests.cy.js:26:22)\nat Array.forEach (<anonymous>)\n    at Context.eval (webpack:///./cypress/e2e/vacanciesTests.cy.js:18:16)\n    at getRet (https://opensource-demo.orangehrmlive.com/__cypress/runner/cypress_runner.js:118322:20)\n    at tryCatcher (https://opensource-demo.orangehrmlive.com/__cypress/runner/cypress_runner.js:1777:23)\n    at Promise.attempt.Promise.try (https://opensource-demo.orangehrmlive.com/__cypress/runner/cypress_runner.js:4285:29)\n    at Context.thenFn (https://opensource-demo.orangehrmlive.com/__cypress/runner/cypress_runner.js:118333:66)\n    at Context.then (https://opensource-demo.orangehrmlive.com/__cypress/runner/cypress_runner.js:118584:21)",
                "diff": null
              },
              "uuid": "914ae4d1-e00c-488a-83aa-7d534df342ed",
              "parentUUID": "fb077bdb-bffd-419d-80be-07ed320d56f4",
              "isHook": false,
              "skipped": false
            },
            {
              "title": "Search Vacancy from Excel",
              "fullTitle": "Recruitment Module - Vacancies Search Vacancy from Excel",
              "timedOut": null,
              "duration": 16718,
              "state": "failed",
              "speed": null,
              "pass": false,
              "fail": true,
              "pending": false,
              "context": null,
              "code": "(0, _readExcel.readExcel)(\"Vacancies\").then(vacancies => {\n  vacancies.forEach(vacancy => {\n    _vacanciesPage.default.searchVacancy(vacancy[\"vacancy\"]);\n    _vacanciesPage.default.verifyVacancySearchResults(vacancy[\"vacancy\"]);\n  });\n});",
              "err": {
                "message": "AssertionError: Timed out retrying after 10000ms: expected '[ <div.oxd-table-cell.oxd-padding-cell>, 47 more... ]' to contain 'Senior Software Engineer'",
                "estack": "AssertionError: Timed out retrying after 10000ms: expected '[ <div.oxd-table-cell.oxd-padding-cell>, 47 more... ]' to contain 'Senior Software Engineer'\n    at vacanciesPage.verifyVacancySearchResults (webpack:///./cypress/support/vacanciesPage.js:69:30)\n    at eval (webpack:///./cypress/e2e/vacanciesTests.cy.js:36:22)\nat Array.forEach (<anonymous>)\n    at Context.eval (webpack:///./cypress/e2e/vacanciesTests.cy.js:34:16)\n    at getRet (https://opensource-demo.orangehrmlive.com/__cypress/runner/cypress_runner.js:118322:20)\n    at tryCatcher (https://opensource-demo.orangehrmlive.com/__cypress/runner/cypress_runner.js:1777:23)\n    at Promise.attempt.Promise.try (https://opensource-demo.orangehrmlive.com/__cypress/runner/cypress_runner.js:4285:29)\n    at Context.thenFn (https://opensource-demo.orangehrmlive.com/__cypress/runner/cypress_runner.js:118333:66)\n    at Context.then (https://opensource-demo.orangehrmlive.com/__cypress/runner/cypress_runner.js:118584:21)",
                "diff": null
              },
              "uuid": "505c2d4f-5aa0-4f27-8e05-436cdce3ecbf",
              "parentUUID": "fb077bdb-bffd-419d-80be-07ed320d56f4",
              "isHook": false,
              "skipped": false
            }
          ],
          "suites": [],
          "passes": [],
          "failures": [
            "914ae4d1-e00c-488a-83aa-7d534df342ed",
            "505c2d4f-5aa0-4f27-8e05-436cdce3ecbf"
          ],
          "pending": [],
          "skipped": [],
          "duration": 36237,
          "root": false,
          "rootEmpty": false,
          "_timeout": 2000
        }
      ],
      "passes": [],
      "failures": [],
      "pending": [],
      "skipped": [],
      "duration": 0,
      "root": true,
      "rootEmpty": true,
      "_timeout": 2000
    }
  ],
  "meta": {
    "mocha": {
      "version": "7.0.1"
    },
    "mochawesome": {
      "options": {
        "quiet": false,
        "reportFilename": "mochawesome",
        "saveHtml": false,
        "saveJson": true,
        "consoleReporter": "spec",
        "useInlineDiffs": false,
        "code": true
      },
      "version": "7.1.3"
    },
    "marge": {
      "options": {
        "overwrite": false,
        "html": false,
        "json": true,
        "reportDir": "cypress\\reports\\html\\.jsons"
      },
      "version": "6.2.0"
    }
  }
}