{
  "stats": {
    "suites": 1,
    "tests": 1,
    "passes": 1,
    "pending": 0,
    "failures": 0,
    "start": "2025-03-08T16:11:41.208Z",
    "end": "2025-03-08T16:12:03.916Z",
    "duration": 22708,
    "testsRegistered": 1,
    "passPercent": 100,
    "pendingPercent": 0,
    "other": 0,
    "hasOther": false,
    "skipped": 0,
    "hasSkipped": false
  },
  "results": [
    {
      "uuid": "4cffa6c8-1042-4fcb-b8cb-9f7de0415536",
      "title": "",
      "fullFile": "cypress\\e2e\\vacanciesTests.cy.js",
      "file": "cypress\\e2e\\vacanciesTests.cy.js",
      "beforeHooks": [],
      "afterHooks": [],
      "tests": [],
      "suites": [
        {
          "uuid": "7d821639-62a3-4be3-8552-1cf66efdfbb0",
          "title": "Recruitment Module - Vacancies",
          "fullFile": "",
          "file": "",
          "beforeHooks": [],
          "afterHooks": [],
          "tests": [
            {
              "title": "Search Vacancy from Excel",
              "fullTitle": "Recruitment Module - Vacancies Search Vacancy from Excel",
              "timedOut": null,
              "duration": 22581,
              "state": "passed",
              "speed": "slow",
              "pass": true,
              "fail": false,
              "pending": false,
              "context": null,
              "code": "(0, _readExcel.readExcel)(\"Vacancies\").then(vacancies => {\n  vacancies.forEach(vacancy => {\n    _vacanciesPage.default.searchVacancy(vacancy[\"vacancy\"]);\n    _vacanciesPage.default.verifyVacancySearchResults(vacancy[\"vacancy\"]);\n  });\n});",
              "err": {},
              "uuid": "e1a0fece-219c-4a84-95a5-da13260d0802",
              "parentUUID": "7d821639-62a3-4be3-8552-1cf66efdfbb0",
              "isHook": false,
              "skipped": false
            }
          ],
          "suites": [],
          "passes": [
            "e1a0fece-219c-4a84-95a5-da13260d0802"
          ],
          "failures": [],
          "pending": [],
          "skipped": [],
          "duration": 22581,
          "root": false,
          "rootEmpty": false,
          "_timeout": 2000
        }
      ],
      "passes": [],
      "failures": [],
      "pending": [],
      "skipped": [],
      "duration": 0,
      "root": true,
      "rootEmpty": true,
      "_timeout": 2000
    }
  ],
  "meta": {
    "mocha": {
      "version": "7.0.1"
    },
    "mochawesome": {
      "options": {
        "quiet": false,
        "reportFilename": "mochawesome",
        "saveHtml": false,
        "saveJson": true,
        "consoleReporter": "spec",
        "useInlineDiffs": false,
        "code": true
      },
      "version": "7.1.3"
    },
    "marge": {
      "options": {
        "overwrite": false,
        "html": false,
        "json": true,
        "reportDir": "cypress\\reports\\html\\.jsons"
      },
      "version": "6.2.0"
    }
  }
}